Traceback (most recent call last):
  File "/home/larsm/anaconda3/envs/jupyter-book/lib/python3.11/site-packages/jupyter_cache/executors/utils.py", line 51, in single_nb_execution
    executenb(
  File "/home/larsm/anaconda3/envs/jupyter-book/lib/python3.11/site-packages/nbclient/client.py", line 1204, in execute
    return NotebookClient(nb=nb, resources=resources, km=km, **kwargs).execute()
           ^^^^^^^^^^^^^^^^^^^^^^^^^^^^^^^^^^^^^^^^^^^^^^^^^^^^^^^^^^^^^^^^^^^^^
  File "/home/larsm/anaconda3/envs/jupyter-book/lib/python3.11/site-packages/nbclient/util.py", line 84, in wrapped
    return just_run(coro(*args, **kwargs))
           ^^^^^^^^^^^^^^^^^^^^^^^^^^^^^^^
  File "/home/larsm/anaconda3/envs/jupyter-book/lib/python3.11/site-packages/nbclient/util.py", line 62, in just_run
    return loop.run_until_complete(coro)
           ^^^^^^^^^^^^^^^^^^^^^^^^^^^^^
  File "/home/larsm/anaconda3/envs/jupyter-book/lib/python3.11/asyncio/base_events.py", line 650, in run_until_complete
    return future.result()
           ^^^^^^^^^^^^^^^
  File "/home/larsm/anaconda3/envs/jupyter-book/lib/python3.11/contextlib.py", line 222, in __aexit__
    await self.gen.athrow(typ, value, traceback)
  File "/home/larsm/anaconda3/envs/jupyter-book/lib/python3.11/site-packages/nbclient/client.py", line 608, in async_setup_kernel
    yield
  File "/home/larsm/anaconda3/envs/jupyter-book/lib/python3.11/site-packages/nbclient/client.py", line 663, in async_execute
    await self.async_execute_cell(
  File "/home/larsm/anaconda3/envs/jupyter-book/lib/python3.11/site-packages/nbclient/client.py", line 965, in async_execute_cell
    await self._check_raise_for_error(cell, cell_index, exec_reply)
  File "/home/larsm/anaconda3/envs/jupyter-book/lib/python3.11/site-packages/nbclient/client.py", line 862, in _check_raise_for_error
    raise CellExecutionError.from_cell_and_msg(cell, exec_reply_content)
nbclient.exceptions.CellExecutionError: An error occurred while executing the following cell:
------------------
result = NER(urn=my_urn, model="nb_core_news_sm", start_page=0, to_page=1000000)
------------------

[0;31m---------------------------------------------------------------------------[0m
[0;31mKeyboardInterrupt[0m                         Traceback (most recent call last)
Cell [0;32mIn[4], line 1[0m
[0;32m----> 1[0m result [38;5;241m=[39m [43mNER[49m[43m([49m[43murn[49m[38;5;241;43m=[39;49m[43mmy_urn[49m[43m,[49m[43m [49m[43mmodel[49m[38;5;241;43m=[39;49m[38;5;124;43m"[39;49m[38;5;124;43mnb_core_news_sm[39;49m[38;5;124;43m"[39;49m[43m,[49m[43m [49m[43mstart_page[49m[38;5;241;43m=[39;49m[38;5;241;43m0[39;49m[43m,[49m[43m [49m[43mto_page[49m[38;5;241;43m=[39;49m[38;5;241;43m1000000[39;49m[43m)[49m

File [0;32m~/anaconda3/envs/jupyter-book/lib/python3.11/site-packages/dhlab/text/parse.py:14[0m, in [0;36mNER.__init__[0;34m(self, urn, model, start_page, to_page)[0m
[1;32m     12[0m [38;5;28;01mdef[39;00m [38;5;21m__init__[39m([38;5;28mself[39m, urn[38;5;241m=[39m[38;5;28;01mNone[39;00m, model[38;5;241m=[39m[38;5;28;01mNone[39;00m, start_page[38;5;241m=[39m[38;5;241m0[39m, to_page[38;5;241m=[39m[38;5;241m0[39m):
[1;32m     13[0m     [38;5;28mself[39m[38;5;241m.[39mmodel [38;5;241m=[39m model
[0;32m---> 14[0m     [38;5;28mself[39m[38;5;241m.[39mner [38;5;241m=[39m [43mner_from_urn[49m[43m([49m[43murn[49m[38;5;241;43m=[39;49m[43murn[49m[43m,[49m[43m [49m[43mmodel[49m[38;5;241;43m=[39;49m[38;5;28;43mself[39;49m[38;5;241;43m.[39;49m[43mmodel[49m[43m,[49m[43m [49m[43mstart_page[49m[38;5;241;43m=[39;49m[43mstart_page[49m[43m,[49m[43m [49m[43mto_page[49m[38;5;241;43m=[39;49m[43mto_page[49m[43m)[49m

File [0;32m~/anaconda3/envs/jupyter-book/lib/python3.11/site-packages/dhlab/api/dhlab_api.py:56[0m, in [0;36mner_from_urn[0;34m(urn, model, start_page, to_page)[0m
[1;32m     47[0m [38;5;250m[39m[38;5;124;03m"""Get NER annotations for a text (``urn``) using a spacy ``model``.[39;00m
[1;32m     48[0m 
[1;32m     49[0m [38;5;124;03m:param str urn: uniform resource name, example: ``URN:NBN:no-nb_digibok_2011051112001``[39;00m
[0;32m   (...)[0m
[1;32m     52[0m [38;5;124;03m:return: Dataframe with annotations and their frequencies[39;00m
[1;32m     53[0m [38;5;124;03m"""[39;00m
[1;32m     55[0m params [38;5;241m=[39m [38;5;28mlocals[39m()
[0;32m---> 56[0m r [38;5;241m=[39m [43mrequests[49m[38;5;241;43m.[39;49m[43mget[49m[43m([49m[38;5;124;43mf[39;49m[38;5;124;43m"[39;49m[38;5;132;43;01m{[39;49;00m[43mBASE_URL[49m[38;5;132;43;01m}[39;49;00m[38;5;124;43m/ner_urn[39;49m[38;5;124;43m"[39;49m[43m,[49m[43m [49m[43mparams[49m[38;5;241;43m=[39;49m[43mparams[49m[43m)[49m
[1;32m     57[0m df [38;5;241m=[39m pd[38;5;241m.[39mread_json(r[38;5;241m.[39mjson())
[1;32m     58[0m [38;5;28;01mreturn[39;00m df

File [0;32m~/anaconda3/envs/jupyter-book/lib/python3.11/site-packages/requests/api.py:73[0m, in [0;36mget[0;34m(url, params, **kwargs)[0m
[1;32m     62[0m [38;5;28;01mdef[39;00m [38;5;21mget[39m(url, params[38;5;241m=[39m[38;5;28;01mNone[39;00m, [38;5;241m*[39m[38;5;241m*[39mkwargs):
[1;32m     63[0m [38;5;250m    [39m[38;5;124mr[39m[38;5;124;03m"""Sends a GET request.[39;00m
[1;32m     64[0m 
[1;32m     65[0m [38;5;124;03m    :param url: URL for the new :class:`Request` object.[39;00m
[0;32m   (...)[0m
[1;32m     70[0m [38;5;124;03m    :rtype: requests.Response[39;00m
[1;32m     71[0m [38;5;124;03m    """[39;00m
[0;32m---> 73[0m     [38;5;28;01mreturn[39;00m [43mrequest[49m[43m([49m[38;5;124;43m"[39;49m[38;5;124;43mget[39;49m[38;5;124;43m"[39;49m[43m,[49m[43m [49m[43murl[49m[43m,[49m[43m [49m[43mparams[49m[38;5;241;43m=[39;49m[43mparams[49m[43m,[49m[43m [49m[38;5;241;43m*[39;49m[38;5;241;43m*[39;49m[43mkwargs[49m[43m)[49m

File [0;32m~/anaconda3/envs/jupyter-book/lib/python3.11/site-packages/requests/api.py:59[0m, in [0;36mrequest[0;34m(method, url, **kwargs)[0m
[1;32m     55[0m [38;5;66;03m# By using the 'with' statement we are sure the session is closed, thus we[39;00m
[1;32m     56[0m [38;5;66;03m# avoid leaving sockets open which can trigger a ResourceWarning in some[39;00m
[1;32m     57[0m [38;5;66;03m# cases, and look like a memory leak in others.[39;00m
[1;32m     58[0m [38;5;28;01mwith[39;00m sessions[38;5;241m.[39mSession() [38;5;28;01mas[39;00m session:
[0;32m---> 59[0m     [38;5;28;01mreturn[39;00m [43msession[49m[38;5;241;43m.[39;49m[43mrequest[49m[43m([49m[43mmethod[49m[38;5;241;43m=[39;49m[43mmethod[49m[43m,[49m[43m [49m[43murl[49m[38;5;241;43m=[39;49m[43murl[49m[43m,[49m[43m [49m[38;5;241;43m*[39;49m[38;5;241;43m*[39;49m[43mkwargs[49m[43m)[49m

File [0;32m~/anaconda3/envs/jupyter-book/lib/python3.11/site-packages/requests/sessions.py:587[0m, in [0;36mSession.request[0;34m(self, method, url, params, data, headers, cookies, files, auth, timeout, allow_redirects, proxies, hooks, stream, verify, cert, json)[0m
[1;32m    582[0m send_kwargs [38;5;241m=[39m {
[1;32m    583[0m     [38;5;124m"[39m[38;5;124mtimeout[39m[38;5;124m"[39m: timeout,
[1;32m    584[0m     [38;5;124m"[39m[38;5;124mallow_redirects[39m[38;5;124m"[39m: allow_redirects,
[1;32m    585[0m }
[1;32m    586[0m send_kwargs[38;5;241m.[39mupdate(settings)
[0;32m--> 587[0m resp [38;5;241m=[39m [38;5;28;43mself[39;49m[38;5;241;43m.[39;49m[43msend[49m[43m([49m[43mprep[49m[43m,[49m[43m [49m[38;5;241;43m*[39;49m[38;5;241;43m*[39;49m[43msend_kwargs[49m[43m)[49m
[1;32m    589[0m [38;5;28;01mreturn[39;00m resp

File [0;32m~/anaconda3/envs/jupyter-book/lib/python3.11/site-packages/requests/sessions.py:701[0m, in [0;36mSession.send[0;34m(self, request, **kwargs)[0m
[1;32m    698[0m start [38;5;241m=[39m preferred_clock()
[1;32m    700[0m [38;5;66;03m# Send the request[39;00m
[0;32m--> 701[0m r [38;5;241m=[39m [43madapter[49m[38;5;241;43m.[39;49m[43msend[49m[43m([49m[43mrequest[49m[43m,[49m[43m [49m[38;5;241;43m*[39;49m[38;5;241;43m*[39;49m[43mkwargs[49m[43m)[49m
[1;32m    703[0m [38;5;66;03m# Total elapsed time of the request (approximately)[39;00m
[1;32m    704[0m elapsed [38;5;241m=[39m preferred_clock() [38;5;241m-[39m start

File [0;32m~/anaconda3/envs/jupyter-book/lib/python3.11/site-packages/requests/adapters.py:489[0m, in [0;36mHTTPAdapter.send[0;34m(self, request, stream, timeout, verify, cert, proxies)[0m
[1;32m    487[0m [38;5;28;01mtry[39;00m:
[1;32m    488[0m     [38;5;28;01mif[39;00m [38;5;129;01mnot[39;00m chunked:
[0;32m--> 489[0m         resp [38;5;241m=[39m [43mconn[49m[38;5;241;43m.[39;49m[43murlopen[49m[43m([49m
[1;32m    490[0m [43m            [49m[43mmethod[49m[38;5;241;43m=[39;49m[43mrequest[49m[38;5;241;43m.[39;49m[43mmethod[49m[43m,[49m
[1;32m    491[0m [43m            [49m[43murl[49m[38;5;241;43m=[39;49m[43murl[49m[43m,[49m
[1;32m    492[0m [43m            [49m[43mbody[49m[38;5;241;43m=[39;49m[43mrequest[49m[38;5;241;43m.[39;49m[43mbody[49m[43m,[49m
[1;32m    493[0m [43m            [49m[43mheaders[49m[38;5;241;43m=[39;49m[43mrequest[49m[38;5;241;43m.[39;49m[43mheaders[49m[43m,[49m
[1;32m    494[0m [43m            [49m[43mredirect[49m[38;5;241;43m=[39;49m[38;5;28;43;01mFalse[39;49;00m[43m,[49m
[1;32m    495[0m [43m            [49m[43massert_same_host[49m[38;5;241;43m=[39;49m[38;5;28;43;01mFalse[39;49;00m[43m,[49m
[1;32m    496[0m [43m            [49m[43mpreload_content[49m[38;5;241;43m=[39;49m[38;5;28;43;01mFalse[39;49;00m[43m,[49m
[1;32m    497[0m [43m            [49m[43mdecode_content[49m[38;5;241;43m=[39;49m[38;5;28;43;01mFalse[39;49;00m[43m,[49m
[1;32m    498[0m [43m            [49m[43mretries[49m[38;5;241;43m=[39;49m[38;5;28;43mself[39;49m[38;5;241;43m.[39;49m[43mmax_retries[49m[43m,[49m
[1;32m    499[0m [43m            [49m[43mtimeout[49m[38;5;241;43m=[39;49m[43mtimeout[49m[43m,[49m
[1;32m    500[0m [43m        [49m[43m)[49m
[1;32m    502[0m     [38;5;66;03m# Send the request.[39;00m
[1;32m    503[0m     [38;5;28;01melse[39;00m:
[1;32m    504[0m         [38;5;28;01mif[39;00m [38;5;28mhasattr[39m(conn, [38;5;124m"[39m[38;5;124mproxy_pool[39m[38;5;124m"[39m):

File [0;32m~/anaconda3/envs/jupyter-book/lib/python3.11/site-packages/urllib3/connectionpool.py:703[0m, in [0;36mHTTPConnectionPool.urlopen[0;34m(self, method, url, body, headers, retries, redirect, assert_same_host, timeout, pool_timeout, release_conn, chunked, body_pos, **response_kw)[0m
[1;32m    700[0m     [38;5;28mself[39m[38;5;241m.[39m_prepare_proxy(conn)
[1;32m    702[0m [38;5;66;03m# Make the request on the httplib connection object.[39;00m
[0;32m--> 703[0m httplib_response [38;5;241m=[39m [38;5;28;43mself[39;49m[38;5;241;43m.[39;49m[43m_make_request[49m[43m([49m
[1;32m    704[0m [43m    [49m[43mconn[49m[43m,[49m
[1;32m    705[0m [43m    [49m[43mmethod[49m[43m,[49m
[1;32m    706[0m [43m    [49m[43murl[49m[43m,[49m
[1;32m    707[0m [43m    [49m[43mtimeout[49m[38;5;241;43m=[39;49m[43mtimeout_obj[49m[43m,[49m
[1;32m    708[0m [43m    [49m[43mbody[49m[38;5;241;43m=[39;49m[43mbody[49m[43m,[49m
[1;32m    709[0m [43m    [49m[43mheaders[49m[38;5;241;43m=[39;49m[43mheaders[49m[43m,[49m
[1;32m    710[0m [43m    [49m[43mchunked[49m[38;5;241;43m=[39;49m[43mchunked[49m[43m,[49m
[1;32m    711[0m [43m[49m[43m)[49m
[1;32m    713[0m [38;5;66;03m# If we're going to release the connection in ``finally:``, then[39;00m
[1;32m    714[0m [38;5;66;03m# the response doesn't need to know about the connection. Otherwise[39;00m
[1;32m    715[0m [38;5;66;03m# it will also try to release it and we'll have a double-release[39;00m
[1;32m    716[0m [38;5;66;03m# mess.[39;00m
[1;32m    717[0m response_conn [38;5;241m=[39m conn [38;5;28;01mif[39;00m [38;5;129;01mnot[39;00m release_conn [38;5;28;01melse[39;00m [38;5;28;01mNone[39;00m

File [0;32m~/anaconda3/envs/jupyter-book/lib/python3.11/site-packages/urllib3/connectionpool.py:449[0m, in [0;36mHTTPConnectionPool._make_request[0;34m(self, conn, method, url, timeout, chunked, **httplib_request_kw)[0m
[1;32m    444[0m             httplib_response [38;5;241m=[39m conn[38;5;241m.[39mgetresponse()
[1;32m    445[0m         [38;5;28;01mexcept[39;00m [38;5;167;01mBaseException[39;00m [38;5;28;01mas[39;00m e:
[1;32m    446[0m             [38;5;66;03m# Remove the TypeError from the exception chain in[39;00m
[1;32m    447[0m             [38;5;66;03m# Python 3 (including for exceptions like SystemExit).[39;00m
[1;32m    448[0m             [38;5;66;03m# Otherwise it looks like a bug in the code.[39;00m
[0;32m--> 449[0m             [43msix[49m[38;5;241;43m.[39;49m[43mraise_from[49m[43m([49m[43me[49m[43m,[49m[43m [49m[38;5;28;43;01mNone[39;49;00m[43m)[49m
[1;32m    450[0m [38;5;28;01mexcept[39;00m (SocketTimeout, BaseSSLError, SocketError) [38;5;28;01mas[39;00m e:
[1;32m    451[0m     [38;5;28mself[39m[38;5;241m.[39m_raise_timeout(err[38;5;241m=[39me, url[38;5;241m=[39murl, timeout_value[38;5;241m=[39mread_timeout)

File [0;32m<string>:3[0m, in [0;36mraise_from[0;34m(value, from_value)[0m

File [0;32m~/anaconda3/envs/jupyter-book/lib/python3.11/site-packages/urllib3/connectionpool.py:444[0m, in [0;36mHTTPConnectionPool._make_request[0;34m(self, conn, method, url, timeout, chunked, **httplib_request_kw)[0m
[1;32m    441[0m [38;5;28;01mexcept[39;00m [38;5;167;01mTypeError[39;00m:
[1;32m    442[0m     [38;5;66;03m# Python 3[39;00m
[1;32m    443[0m     [38;5;28;01mtry[39;00m:
[0;32m--> 444[0m         httplib_response [38;5;241m=[39m [43mconn[49m[38;5;241;43m.[39;49m[43mgetresponse[49m[43m([49m[43m)[49m
[1;32m    445[0m     [38;5;28;01mexcept[39;00m [38;5;167;01mBaseException[39;00m [38;5;28;01mas[39;00m e:
[1;32m    446[0m         [38;5;66;03m# Remove the TypeError from the exception chain in[39;00m
[1;32m    447[0m         [38;5;66;03m# Python 3 (including for exceptions like SystemExit).[39;00m
[1;32m    448[0m         [38;5;66;03m# Otherwise it looks like a bug in the code.[39;00m
[1;32m    449[0m         six[38;5;241m.[39mraise_from(e, [38;5;28;01mNone[39;00m)

File [0;32m~/anaconda3/envs/jupyter-book/lib/python3.11/http/client.py:1374[0m, in [0;36mHTTPConnection.getresponse[0;34m(self)[0m
[1;32m   1372[0m [38;5;28;01mtry[39;00m:
[1;32m   1373[0m     [38;5;28;01mtry[39;00m:
[0;32m-> 1374[0m         [43mresponse[49m[38;5;241;43m.[39;49m[43mbegin[49m[43m([49m[43m)[49m
[1;32m   1375[0m     [38;5;28;01mexcept[39;00m [38;5;167;01mConnectionError[39;00m:
[1;32m   1376[0m         [38;5;28mself[39m[38;5;241m.[39mclose()

File [0;32m~/anaconda3/envs/jupyter-book/lib/python3.11/http/client.py:318[0m, in [0;36mHTTPResponse.begin[0;34m(self)[0m
[1;32m    316[0m [38;5;66;03m# read until we get a non-100 response[39;00m
[1;32m    317[0m [38;5;28;01mwhile[39;00m [38;5;28;01mTrue[39;00m:
[0;32m--> 318[0m     version, status, reason [38;5;241m=[39m [38;5;28;43mself[39;49m[38;5;241;43m.[39;49m[43m_read_status[49m[43m([49m[43m)[49m
[1;32m    319[0m     [38;5;28;01mif[39;00m status [38;5;241m!=[39m CONTINUE:
[1;32m    320[0m         [38;5;28;01mbreak[39;00m

File [0;32m~/anaconda3/envs/jupyter-book/lib/python3.11/http/client.py:279[0m, in [0;36mHTTPResponse._read_status[0;34m(self)[0m
[1;32m    278[0m [38;5;28;01mdef[39;00m [38;5;21m_read_status[39m([38;5;28mself[39m):
[0;32m--> 279[0m     line [38;5;241m=[39m [38;5;28mstr[39m([38;5;28;43mself[39;49m[38;5;241;43m.[39;49m[43mfp[49m[38;5;241;43m.[39;49m[43mreadline[49m[43m([49m[43m_MAXLINE[49m[43m [49m[38;5;241;43m+[39;49m[43m [49m[38;5;241;43m1[39;49m[43m)[49m, [38;5;124m"[39m[38;5;124miso-8859-1[39m[38;5;124m"[39m)
[1;32m    280[0m     [38;5;28;01mif[39;00m [38;5;28mlen[39m(line) [38;5;241m>[39m _MAXLINE:
[1;32m    281[0m         [38;5;28;01mraise[39;00m LineTooLong([38;5;124m"[39m[38;5;124mstatus line[39m[38;5;124m"[39m)

File [0;32m~/anaconda3/envs/jupyter-book/lib/python3.11/socket.py:705[0m, in [0;36mSocketIO.readinto[0;34m(self, b)[0m
[1;32m    703[0m [38;5;28;01mwhile[39;00m [38;5;28;01mTrue[39;00m:
[1;32m    704[0m     [38;5;28;01mtry[39;00m:
[0;32m--> 705[0m         [38;5;28;01mreturn[39;00m [38;5;28;43mself[39;49m[38;5;241;43m.[39;49m[43m_sock[49m[38;5;241;43m.[39;49m[43mrecv_into[49m[43m([49m[43mb[49m[43m)[49m
[1;32m    706[0m     [38;5;28;01mexcept[39;00m timeout:
[1;32m    707[0m         [38;5;28mself[39m[38;5;241m.[39m_timeout_occurred [38;5;241m=[39m [38;5;28;01mTrue[39;00m

File [0;32m~/anaconda3/envs/jupyter-book/lib/python3.11/ssl.py:1278[0m, in [0;36mSSLSocket.recv_into[0;34m(self, buffer, nbytes, flags)[0m
[1;32m   1274[0m     [38;5;28;01mif[39;00m flags [38;5;241m!=[39m [38;5;241m0[39m:
[1;32m   1275[0m         [38;5;28;01mraise[39;00m [38;5;167;01mValueError[39;00m(
[1;32m   1276[0m           [38;5;124m"[39m[38;5;124mnon-zero flags not allowed in calls to recv_into() on [39m[38;5;132;01m%s[39;00m[38;5;124m"[39m [38;5;241m%[39m
[1;32m   1277[0m           [38;5;28mself[39m[38;5;241m.[39m[38;5;18m__class__[39m)
[0;32m-> 1278[0m     [38;5;28;01mreturn[39;00m [38;5;28;43mself[39;49m[38;5;241;43m.[39;49m[43mread[49m[43m([49m[43mnbytes[49m[43m,[49m[43m [49m[43mbuffer[49m[43m)[49m
[1;32m   1279[0m [38;5;28;01melse[39;00m:
[1;32m   1280[0m     [38;5;28;01mreturn[39;00m [38;5;28msuper[39m()[38;5;241m.[39mrecv_into(buffer, nbytes, flags)

File [0;32m~/anaconda3/envs/jupyter-book/lib/python3.11/ssl.py:1134[0m, in [0;36mSSLSocket.read[0;34m(self, len, buffer)[0m
[1;32m   1132[0m [38;5;28;01mtry[39;00m:
[1;32m   1133[0m     [38;5;28;01mif[39;00m buffer [38;5;129;01mis[39;00m [38;5;129;01mnot[39;00m [38;5;28;01mNone[39;00m:
[0;32m-> 1134[0m         [38;5;28;01mreturn[39;00m [38;5;28;43mself[39;49m[38;5;241;43m.[39;49m[43m_sslobj[49m[38;5;241;43m.[39;49m[43mread[49m[43m([49m[38;5;28;43mlen[39;49m[43m,[49m[43m [49m[43mbuffer[49m[43m)[49m
[1;32m   1135[0m     [38;5;28;01melse[39;00m:
[1;32m   1136[0m         [38;5;28;01mreturn[39;00m [38;5;28mself[39m[38;5;241m.[39m_sslobj[38;5;241m.[39mread([38;5;28mlen[39m)

[0;31mKeyboardInterrupt[0m: 
KeyboardInterrupt: 

